<?xml version="1.0" encoding="UTF-8" ?>
<testsuite errors="0" failures="0" hostname="Vili-PC" name="hr.fer.zemris.java.tecaj.hw4.collections.SimpleHashtableTests" skipped="0" tests="26" time="0.176" timestamp="2015-04-15T16:17:26">
  <properties>
[...]
</properties>
  <testcase classname="hr.fer.zemris.java.tecaj.hw4.collections.SimpleHashtableTests" name="testIteratorExcep2" time="0.047" />
  <testcase classname="hr.fer.zemris.java.tecaj.hw4.collections.SimpleHashtableTests" name="testIteratorExcep3" time="0.001" />
  <testcase classname="hr.fer.zemris.java.tecaj.hw4.collections.SimpleHashtableTests" name="testGetExcep" time="0.0" />
  <testcase classname="hr.fer.zemris.java.tecaj.hw4.collections.SimpleHashtableTests" name="testGet" time="0.001" />
  <testcase classname="hr.fer.zemris.java.tecaj.hw4.collections.SimpleHashtableTests" name="testPut" time="0.0" />
  <testcase classname="hr.fer.zemris.java.tecaj.hw4.collections.SimpleHashtableTests" name="testClear" time="0.001" />
  <testcase classname="hr.fer.zemris.java.tecaj.hw4.collections.SimpleHashtableTests" name="testSize" time="0.0" />
  <testcase classname="hr.fer.zemris.java.tecaj.hw4.collections.SimpleHashtableTests" name="testToString" time="0.0" />
  <testcase classname="hr.fer.zemris.java.tecaj.hw4.collections.SimpleHashtableTests" name="testContainsKeyExcep" time="0.003" />
  <testcase classname="hr.fer.zemris.java.tecaj.hw4.collections.SimpleHashtableTests" name="testContainsValueExcep" time="0.0" />
  <testcase classname="hr.fer.zemris.java.tecaj.hw4.collections.SimpleHashtableTests" name="testRemoveExcep" time="0.0" />
  <testcase classname="hr.fer.zemris.java.tecaj.hw4.collections.SimpleHashtableTests" name="testConstructorWithOneParameter" time="0.0" />
  <testcase classname="hr.fer.zemris.java.tecaj.hw4.collections.SimpleHashtableTests" name="testContainsKey" time="0.001" />
  <testcase classname="hr.fer.zemris.java.tecaj.hw4.collections.SimpleHashtableTests" name="testRemoveExcep2" time="0.0" />
  <testcase classname="hr.fer.zemris.java.tecaj.hw4.collections.SimpleHashtableTests" name="testContainsValue" time="0.001" />
  <testcase classname="hr.fer.zemris.java.tecaj.hw4.collections.SimpleHashtableTests" name="testRearrange" time="0.0" />
  <testcase classname="hr.fer.zemris.java.tecaj.hw4.collections.SimpleHashtableTests" name="testKeyValidation" time="0.0" />
  <testcase classname="hr.fer.zemris.java.tecaj.hw4.collections.SimpleHashtableTests" name="testGetTableCapacity" time="0.0" />
  <testcase classname="hr.fer.zemris.java.tecaj.hw4.collections.SimpleHashtableTests" name="testPutException" time="0.0" />
  <testcase classname="hr.fer.zemris.java.tecaj.hw4.collections.SimpleHashtableTests" name="testIteratorExcep" time="0.001" />
  <testcase classname="hr.fer.zemris.java.tecaj.hw4.collections.SimpleHashtableTests" name="testGetExcep2" time="0.0" />
  <testcase classname="hr.fer.zemris.java.tecaj.hw4.collections.SimpleHashtableTests" name="testIsEmpty" time="0.0" />
  <testcase classname="hr.fer.zemris.java.tecaj.hw4.collections.SimpleHashtableTests" name="testRemove" time="0.001" />
  <testcase classname="hr.fer.zemris.java.tecaj.hw4.collections.SimpleHashtableTests" name="testConstructorException" time="0.0" />
  <testcase classname="hr.fer.zemris.java.tecaj.hw4.collections.SimpleHashtableTests" name="testIterator" time="0.0" />
  <testcase classname="hr.fer.zemris.java.tecaj.hw4.collections.SimpleHashtableTests" name="testDefaultConstructor" time="0.001" />
  <system-out><![CDATA[]]></system-out>
  <system-err><![CDATA[]]></system-err>
</testsuite>
